{"/home/ext-hyd-sys-training10/Desktop/mongodb-Node/src/app.ts": {"path":"/home/ext-hyd-sys-training10/Desktop/mongodb-Node/src/app.ts","statementMap":{"0":{"start":{"line":1,"column":0},"end":{"line":1,"column":30}},"1":{"start":{"line":2,"column":0},"end":{"line":2,"column":29}},"2":{"start":{"line":3,"column":0},"end":{"line":3,"column":43}},"3":{"start":{"line":4,"column":0},"end":{"line":4,"column":42}},"4":{"start":{"line":5,"column":0},"end":{"line":5,"column":50}},"5":{"start":{"line":7,"column":12},"end":{"line":7,"column":21}},"6":{"start":{"line":8,"column":13},"end":{"line":8,"column":37}},"7":{"start":{"line":10,"column":0},"end":{"line":10,"column":24}},"8":{"start":{"line":11,"column":0},"end":{"line":11,"column":49}},"9":{"start":{"line":13,"column":0},"end":{"line":13,"column":28}},"10":{"start":{"line":14,"column":0},"end":{"line":14,"column":27}},"11":{"start":{"line":15,"column":0},"end":{"line":15,"column":36}},"12":{"start":{"line":18,"column":0},"end":{"line":23,"column":null}},"13":{"start":{"line":20,"column":4},"end":{"line":22,"column":7}},"14":{"start":{"line":21,"column":6},"end":{"line":21,"column":64}},"15":{"start":{"line":26,"column":0},"end":{"line":26,"column":19}}},"fnMap":{"0":{"name":"(anonymous_1)","decl":{"start":{"line":19,"column":8},"end":{"line":19,"column":11}},"loc":{"start":{"line":19,"column":13},"end":{"line":23,"column":3}}},"1":{"name":"(anonymous_2)","decl":{"start":{"line":20,"column":21},"end":{"line":20,"column":24}},"loc":{"start":{"line":20,"column":26},"end":{"line":22,"column":5}}}},"branchMap":{"0":{"loc":{"start":{"line":8,"column":13},"end":{"line":8,"column":37}},"type":"binary-expr","locations":[{"start":{"line":8,"column":13},"end":{"line":8,"column":29}},{"start":{"line":8,"column":33},"end":{"line":8,"column":37}}]}},"s":{"0":1,"1":1,"2":1,"3":1,"4":1,"5":1,"6":1,"7":1,"8":1,"9":1,"10":1,"11":1,"12":1,"13":0,"14":0,"15":1},"f":{"0":0,"1":0},"b":{"0":[1,1]}}
,"/home/ext-hyd-sys-training10/Desktop/mongodb-Node/src/db.ts": {"path":"/home/ext-hyd-sys-training10/Desktop/mongodb-Node/src/db.ts","statementMap":{"0":{"start":{"line":1,"column":0},"end":{"line":1,"column":32}},"1":{"start":{"line":2,"column":0},"end":{"line":2,"column":32}},"2":{"start":{"line":3,"column":0},"end":{"line":3,"column":null}},"3":{"start":{"line":5,"column":8},"end":{"line":5,"column":32}},"4":{"start":{"line":7,"column":16},"end":{"line":16,"column":null}},"5":{"start":{"line":7,"column":25},"end":{"line":16,"column":null}},"6":{"start":{"line":8,"column":4},"end":{"line":15,"column":5}},"7":{"start":{"line":9,"column":8},"end":{"line":9,"column":null}},"8":{"start":{"line":10,"column":8},"end":{"line":10,"column":null}},"9":{"start":{"line":11,"column":8},"end":{"line":11,"column":null}},"10":{"start":{"line":13,"column":8},"end":{"line":13,"column":null}},"11":{"start":{"line":14,"column":8},"end":{"line":14,"column":null}},"12":{"start":{"line":18,"column":0},"end":{"line":18,"column":null}}},"fnMap":{"0":{"name":"(anonymous_7)","decl":{"start":{"line":7,"column":16},"end":{"line":7,"column":23}},"loc":{"start":{"line":7,"column":25},"end":{"line":16,"column":null}}},"1":{"name":"(anonymous_8)","decl":{"start":{"line":7,"column":25},"end":{"line":7,"column":null}},"loc":{"start":{"line":7,"column":25},"end":{"line":16,"column":1}}}},"branchMap":{},"s":{"0":1,"1":1,"2":1,"3":1,"4":1,"5":1,"6":1,"7":1,"8":0,"9":0,"10":0,"11":0,"12":1},"f":{"0":1,"1":1},"b":{}}
,"/home/ext-hyd-sys-training10/Desktop/mongodb-Node/src/controllers/emailOtpController.ts": {"path":"/home/ext-hyd-sys-training10/Desktop/mongodb-Node/src/controllers/emailOtpController.ts","statementMap":{"0":{"start":{"line":1,"column":0},"end":{"line":1,"column":44}},"1":{"start":{"line":2,"column":0},"end":{"line":2,"column":39}},"2":{"start":{"line":4,"column":0},"end":{"line":4,"column":47}},"3":{"start":{"line":6,"column":0},"end":{"line":6,"column":32}},"4":{"start":{"line":7,"column":0},"end":{"line":7,"column":null}},"5":{"start":{"line":18,"column":14},"end":{"line":51,"column":null}},"6":{"start":{"line":18,"column":47},"end":{"line":51,"column":null}},"7":{"start":{"line":19,"column":4},"end":{"line":50,"column":5}},"8":{"start":{"line":20,"column":22},"end":{"line":20,"column":30}},"9":{"start":{"line":21,"column":23},"end":{"line":21,"column":73}},"10":{"start":{"line":22,"column":17},"end":{"line":22,"column":37}},"11":{"start":{"line":23,"column":19},"end":{"line":23,"column":57}},"12":{"start":{"line":24,"column":8},"end":{"line":26,"column":9}},"13":{"start":{"line":25,"column":12},"end":{"line":25,"column":null}},"14":{"start":{"line":27,"column":25},"end":{"line":27,"column":64}},"15":{"start":{"line":28,"column":8},"end":{"line":38,"column":9}},"16":{"start":{"line":29,"column":29},"end":{"line":33,"column":14}},"17":{"start":{"line":35,"column":12},"end":{"line":35,"column":null}},"18":{"start":{"line":36,"column":12},"end":{"line":36,"column":null}},"19":{"start":{"line":37,"column":12},"end":{"line":37,"column":null}},"20":{"start":{"line":39,"column":26},"end":{"line":44,"column":null}},"21":{"start":{"line":45,"column":17},"end":{"line":45,"column":54}},"22":{"start":{"line":46,"column":8},"end":{"line":46,"column":null}},"23":{"start":{"line":48,"column":8},"end":{"line":48,"column":null}},"24":{"start":{"line":49,"column":8},"end":{"line":49,"column":null}},"25":{"start":{"line":53,"column":13},"end":{"line":61,"column":null}},"26":{"start":{"line":53,"column":46},"end":{"line":61,"column":null}},"27":{"start":{"line":54,"column":4},"end":{"line":60,"column":5}},"28":{"start":{"line":55,"column":20},"end":{"line":55,"column":43}},"29":{"start":{"line":56,"column":8},"end":{"line":56,"column":null}},"30":{"start":{"line":58,"column":8},"end":{"line":58,"column":null}},"31":{"start":{"line":59,"column":8},"end":{"line":59,"column":null}},"32":{"start":{"line":63,"column":18},"end":{"line":93,"column":2}},"33":{"start":{"line":63,"column":56},"end":{"line":93,"column":2}},"34":{"start":{"line":64,"column":2},"end":{"line":92,"column":3}},"35":{"start":{"line":65,"column":29},"end":{"line":65,"column":37}},"36":{"start":{"line":66,"column":19},"end":{"line":66,"column":61}},"37":{"start":{"line":68,"column":6},"end":{"line":70,"column":7}},"38":{"start":{"line":69,"column":10},"end":{"line":69,"column":67}},"39":{"start":{"line":72,"column":26},"end":{"line":72,"column":46}},"40":{"start":{"line":73,"column":29},"end":{"line":73,"column":90}},"41":{"start":{"line":75,"column":6},"end":{"line":75,"column":53}},"42":{"start":{"line":76,"column":6},"end":{"line":76,"column":47}},"43":{"start":{"line":78,"column":6},"end":{"line":86,"column":7}},"44":{"start":{"line":79,"column":32},"end":{"line":79,"column":70}},"45":{"start":{"line":81,"column":10},"end":{"line":83,"column":11}},"46":{"start":{"line":82,"column":14},"end":{"line":82,"column":68}},"47":{"start":{"line":85,"column":10},"end":{"line":85,"column":82}},"48":{"start":{"line":88,"column":6},"end":{"line":88,"column":64}},"49":{"start":{"line":90,"column":6},"end":{"line":90,"column":25}},"50":{"start":{"line":91,"column":6},"end":{"line":91,"column":70}},"51":{"start":{"line":97,"column":0},"end":{"line":97,"column":null}}},"fnMap":{"0":{"name":"(anonymous_8)","decl":{"start":{"line":18,"column":14},"end":{"line":18,"column":20}},"loc":{"start":{"line":18,"column":47},"end":{"line":51,"column":null}}},"1":{"name":"(anonymous_9)","decl":{"start":{"line":18,"column":47},"end":{"line":18,"column":null}},"loc":{"start":{"line":18,"column":47},"end":{"line":51,"column":1}}},"2":{"name":"(anonymous_10)","decl":{"start":{"line":53,"column":13},"end":{"line":53,"column":19}},"loc":{"start":{"line":53,"column":46},"end":{"line":61,"column":null}}},"3":{"name":"(anonymous_11)","decl":{"start":{"line":53,"column":46},"end":{"line":53,"column":null}},"loc":{"start":{"line":53,"column":46},"end":{"line":61,"column":1}}},"4":{"name":"(anonymous_12)","decl":{"start":{"line":63,"column":18},"end":{"line":63,"column":25}},"loc":{"start":{"line":63,"column":56},"end":{"line":93,"column":2}}},"5":{"name":"(anonymous_13)","decl":{"start":{"line":63,"column":56},"end":{"line":63,"column":null}},"loc":{"start":{"line":63,"column":56},"end":{"line":93,"column":1}}}},"branchMap":{"0":{"loc":{"start":{"line":24,"column":8},"end":{"line":26,"column":9}},"type":"if","locations":[{"start":{"line":24,"column":8},"end":{"line":26,"column":9}}]},"1":{"loc":{"start":{"line":28,"column":8},"end":{"line":38,"column":9}},"type":"if","locations":[{"start":{"line":28,"column":8},"end":{"line":38,"column":9}},{"start":{"line":34,"column":13},"end":{"line":38,"column":9}}]},"2":{"loc":{"start":{"line":68,"column":6},"end":{"line":70,"column":7}},"type":"if","locations":[{"start":{"line":68,"column":6},"end":{"line":70,"column":7}}]},"3":{"loc":{"start":{"line":73,"column":29},"end":{"line":73,"column":90}},"type":"cond-expr","locations":[{"start":{"line":73,"column":46},"end":{"line":73,"column":86}},{"start":{"line":73,"column":89},"end":{"line":73,"column":90}}]},"4":{"loc":{"start":{"line":78,"column":6},"end":{"line":86,"column":7}},"type":"if","locations":[{"start":{"line":78,"column":6},"end":{"line":86,"column":7}}]},"5":{"loc":{"start":{"line":81,"column":10},"end":{"line":83,"column":11}},"type":"if","locations":[{"start":{"line":81,"column":10},"end":{"line":83,"column":11}}]}},"s":{"0":1,"1":1,"2":1,"3":1,"4":1,"5":1,"6":0,"7":0,"8":0,"9":0,"10":0,"11":0,"12":0,"13":0,"14":0,"15":0,"16":0,"17":0,"18":0,"19":0,"20":0,"21":0,"22":0,"23":0,"24":0,"25":1,"26":0,"27":0,"28":0,"29":0,"30":0,"31":0,"32":1,"33":0,"34":0,"35":0,"36":0,"37":0,"38":0,"39":0,"40":0,"41":0,"42":0,"43":0,"44":0,"45":0,"46":0,"47":0,"48":0,"49":0,"50":0,"51":1},"f":{"0":0,"1":0,"2":0,"3":0,"4":0,"5":0},"b":{"0":[0],"1":[0,0],"2":[0],"3":[0,0],"4":[0],"5":[0]}}
,"/home/ext-hyd-sys-training10/Desktop/mongodb-Node/src/controllers/fileController.ts": {"path":"/home/ext-hyd-sys-training10/Desktop/mongodb-Node/src/controllers/fileController.ts","statementMap":{"0":{"start":{"line":1,"column":0},"end":{"line":1,"column":45}},"1":{"start":{"line":2,"column":0},"end":{"line":2,"column":38}},"2":{"start":{"line":5,"column":21},"end":{"line":29,"column":2}},"3":{"start":{"line":7,"column":23},"end":{"line":29,"column":2}},"4":{"start":{"line":8,"column":2},"end":{"line":28,"column":4}},"5":{"start":{"line":10,"column":6},"end":{"line":26,"column":9}},"6":{"start":{"line":11,"column":37},"end":{"line":23,"column":null}},"7":{"start":{"line":14,"column":12},"end":{"line":22,"column":13}},"8":{"start":{"line":15,"column":14},"end":{"line":15,"column":28}},"9":{"start":{"line":17,"column":14},"end":{"line":21,"column":15}},"10":{"start":{"line":18,"column":16},"end":{"line":18,"column":43}},"11":{"start":{"line":20,"column":16},"end":{"line":20,"column":64}},"12":{"start":{"line":25,"column":8},"end":{"line":25,"column":77}},"13":{"start":{"line":31,"column":0},"end":{"line":31,"column":28}}},"fnMap":{"0":{"name":"(anonymous_8)","decl":{"start":{"line":5,"column":21},"end":{"line":5,"column":null}},"loc":{"start":{"line":7,"column":23},"end":{"line":29,"column":2}}},"1":{"name":"(anonymous_9)","decl":{"start":{"line":7,"column":23},"end":{"line":7,"column":null}},"loc":{"start":{"line":7,"column":23},"end":{"line":29,"column":1}}},"2":{"name":"(anonymous_10)","decl":{"start":{"line":9,"column":14},"end":{"line":9,"column":15}},"loc":{"start":{"line":9,"column":23},"end":{"line":27,"column":5}}},"3":{"name":"(anonymous_11)","decl":{"start":{"line":10,"column":33},"end":{"line":10,"column":34}},"loc":{"start":{"line":10,"column":53},"end":{"line":26,"column":7}}},"4":{"name":"(anonymous_12)","decl":{"start":{"line":13,"column":10},"end":{"line":13,"column":11}},"loc":{"start":{"line":13,"column":28},"end":{"line":23,"column":11}}}},"branchMap":{"0":{"loc":{"start":{"line":14,"column":12},"end":{"line":22,"column":13}},"type":"if","locations":[{"start":{"line":14,"column":12},"end":{"line":22,"column":13}},{"start":{"line":16,"column":19},"end":{"line":22,"column":13}}]},"1":{"loc":{"start":{"line":17,"column":14},"end":{"line":21,"column":15}},"type":"if","locations":[{"start":{"line":17,"column":14},"end":{"line":21,"column":15}},{"start":{"line":19,"column":21},"end":{"line":21,"column":15}}]}},"s":{"0":1,"1":1,"2":1,"3":0,"4":0,"5":0,"6":0,"7":0,"8":0,"9":0,"10":0,"11":0,"12":0,"13":1},"f":{"0":0,"1":0,"2":0,"3":0,"4":0},"b":{"0":[0,0],"1":[0,0]}}
,"/home/ext-hyd-sys-training10/Desktop/mongodb-Node/src/controllers/productController.ts": {"path":"/home/ext-hyd-sys-training10/Desktop/mongodb-Node/src/controllers/productController.ts","statementMap":{"0":{"start":{"line":1,"column":0},"end":{"line":1,"column":49}},"1":{"start":{"line":3,"column":0},"end":{"line":3,"column":44}},"2":{"start":{"line":5,"column":0},"end":{"line":5,"column":39}},"3":{"start":{"line":7,"column":17},"end":{"line":36,"column":null}},"4":{"start":{"line":7,"column":63},"end":{"line":36,"column":null}},"5":{"start":{"line":8,"column":2},"end":{"line":35,"column":3}},"6":{"start":{"line":9,"column":63},"end":{"line":9,"column":71}},"7":{"start":{"line":10,"column":4},"end":{"line":10,"column":null}},"8":{"start":{"line":11,"column":16},"end":{"line":11,"column":50}},"9":{"start":{"line":12,"column":4},"end":{"line":12,"column":null}},"10":{"start":{"line":13,"column":4},"end":{"line":15,"column":5}},"11":{"start":{"line":14,"column":6},"end":{"line":14,"column":67}},"12":{"start":{"line":16,"column":21},"end":{"line":16,"column":46}},"13":{"start":{"line":17,"column":16},"end":{"line":17,"column":25}},"14":{"start":{"line":18,"column":15},"end":{"line":18,"column":53}},"15":{"start":{"line":19,"column":4},"end":{"line":21,"column":5}},"16":{"start":{"line":20,"column":6},"end":{"line":20,"column":null}},"17":{"start":{"line":22,"column":18},"end":{"line":30,"column":6}},"18":{"start":{"line":31,"column":4},"end":{"line":31,"column":65}},"19":{"start":{"line":33,"column":4},"end":{"line":33,"column":25}},"20":{"start":{"line":34,"column":4},"end":{"line":34,"column":61}},"21":{"start":{"line":38,"column":18},"end":{"line":66,"column":2}},"22":{"start":{"line":38,"column":54},"end":{"line":66,"column":2}},"23":{"start":{"line":39,"column":2},"end":{"line":65,"column":3}},"24":{"start":{"line":40,"column":15},"end":{"line":40,"column":25}},"25":{"start":{"line":41,"column":4},"end":{"line":41,"column":null}},"26":{"start":{"line":42,"column":18},"end":{"line":42,"column":52}},"27":{"start":{"line":43,"column":4},"end":{"line":43,"column":null}},"28":{"start":{"line":44,"column":4},"end":{"line":46,"column":5}},"29":{"start":{"line":45,"column":6},"end":{"line":45,"column":67}},"30":{"start":{"line":47,"column":21},"end":{"line":47,"column":46}},"31":{"start":{"line":48,"column":4},"end":{"line":48,"column":null}},"32":{"start":{"line":50,"column":20},"end":{"line":53,"column":null}},"33":{"start":{"line":56,"column":4},"end":{"line":58,"column":5}},"34":{"start":{"line":57,"column":6},"end":{"line":57,"column":66}},"35":{"start":{"line":60,"column":4},"end":{"line":60,"column":25}},"36":{"start":{"line":61,"column":4},"end":{"line":61,"column":74}},"37":{"start":{"line":63,"column":4},"end":{"line":63,"column":25}},"38":{"start":{"line":64,"column":4},"end":{"line":64,"column":68}},"39":{"start":{"line":69,"column":20},"end":{"line":89,"column":2}},"40":{"start":{"line":69,"column":64},"end":{"line":89,"column":2}},"41":{"start":{"line":70,"column":2},"end":{"line":88,"column":3}},"42":{"start":{"line":71,"column":31},"end":{"line":71,"column":39}},"43":{"start":{"line":73,"column":20},"end":{"line":76,"column":null}},"44":{"start":{"line":79,"column":4},"end":{"line":81,"column":5}},"45":{"start":{"line":80,"column":6},"end":{"line":80,"column":66}},"46":{"start":{"line":83,"column":4},"end":{"line":83,"column":25}},"47":{"start":{"line":84,"column":4},"end":{"line":84,"column":75}},"48":{"start":{"line":86,"column":4},"end":{"line":86,"column":25}},"49":{"start":{"line":87,"column":4},"end":{"line":87,"column":68}},"50":{"start":{"line":91,"column":0},"end":{"line":91,"column":null}}},"fnMap":{"0":{"name":"(anonymous_8)","decl":{"start":{"line":7,"column":17},"end":{"line":7,"column":24}},"loc":{"start":{"line":7,"column":63},"end":{"line":36,"column":null}}},"1":{"name":"(anonymous_9)","decl":{"start":{"line":7,"column":63},"end":{"line":7,"column":null}},"loc":{"start":{"line":7,"column":63},"end":{"line":36,"column":1}}},"2":{"name":"(anonymous_10)","decl":{"start":{"line":38,"column":18},"end":{"line":38,"column":25}},"loc":{"start":{"line":38,"column":54},"end":{"line":66,"column":2}}},"3":{"name":"(anonymous_11)","decl":{"start":{"line":38,"column":54},"end":{"line":38,"column":null}},"loc":{"start":{"line":38,"column":54},"end":{"line":66,"column":1}}},"4":{"name":"(anonymous_12)","decl":{"start":{"line":69,"column":20},"end":{"line":69,"column":27}},"loc":{"start":{"line":69,"column":64},"end":{"line":89,"column":2}}},"5":{"name":"(anonymous_13)","decl":{"start":{"line":69,"column":64},"end":{"line":69,"column":null}},"loc":{"start":{"line":69,"column":64},"end":{"line":89,"column":1}}}},"branchMap":{"0":{"loc":{"start":{"line":13,"column":4},"end":{"line":15,"column":5}},"type":"if","locations":[{"start":{"line":13,"column":4},"end":{"line":15,"column":5}}]},"1":{"loc":{"start":{"line":13,"column":8},"end":{"line":13,"column":36}},"type":"binary-expr","locations":[{"start":{"line":13,"column":8},"end":{"line":13,"column":14}},{"start":{"line":13,"column":18},"end":{"line":13,"column":36}}]},"2":{"loc":{"start":{"line":19,"column":4},"end":{"line":21,"column":5}},"type":"if","locations":[{"start":{"line":19,"column":4},"end":{"line":21,"column":5}}]},"3":{"loc":{"start":{"line":44,"column":4},"end":{"line":46,"column":5}},"type":"if","locations":[{"start":{"line":44,"column":4},"end":{"line":46,"column":5}}]},"4":{"loc":{"start":{"line":44,"column":8},"end":{"line":44,"column":36}},"type":"binary-expr","locations":[{"start":{"line":44,"column":8},"end":{"line":44,"column":14}},{"start":{"line":44,"column":18},"end":{"line":44,"column":36}}]},"5":{"loc":{"start":{"line":56,"column":4},"end":{"line":58,"column":5}},"type":"if","locations":[{"start":{"line":56,"column":4},"end":{"line":58,"column":5}}]},"6":{"loc":{"start":{"line":79,"column":4},"end":{"line":81,"column":5}},"type":"if","locations":[{"start":{"line":79,"column":4},"end":{"line":81,"column":5}}]}},"s":{"0":1,"1":1,"2":1,"3":1,"4":0,"5":0,"6":0,"7":0,"8":0,"9":0,"10":0,"11":0,"12":0,"13":0,"14":0,"15":0,"16":0,"17":0,"18":0,"19":0,"20":0,"21":1,"22":0,"23":0,"24":0,"25":0,"26":0,"27":0,"28":0,"29":0,"30":0,"31":0,"32":0,"33":0,"34":0,"35":0,"36":0,"37":0,"38":0,"39":1,"40":0,"41":0,"42":0,"43":0,"44":0,"45":0,"46":0,"47":0,"48":0,"49":0,"50":1},"f":{"0":0,"1":0,"2":0,"3":0,"4":0,"5":0},"b":{"0":[0],"1":[0,0],"2":[0],"3":[0],"4":[0,0],"5":[0],"6":[0]}}
,"/home/ext-hyd-sys-training10/Desktop/mongodb-Node/src/controllers/userController.ts": {"path":"/home/ext-hyd-sys-training10/Desktop/mongodb-Node/src/controllers/userController.ts","statementMap":{"0":{"start":{"line":1,"column":0},"end":{"line":1,"column":39}},"1":{"start":{"line":3,"column":0},"end":{"line":3,"column":27}},"2":{"start":{"line":4,"column":0},"end":{"line":4,"column":32}},"3":{"start":{"line":5,"column":0},"end":{"line":5,"column":29}},"4":{"start":{"line":7,"column":0},"end":{"line":7,"column":null}},"5":{"start":{"line":9,"column":17},"end":{"line":9,"column":39}},"6":{"start":{"line":12,"column":13},"end":{"line":34,"column":null}},"7":{"start":{"line":12,"column":46},"end":{"line":34,"column":null}},"8":{"start":{"line":13,"column":4},"end":{"line":33,"column":5}},"9":{"start":{"line":14,"column":43},"end":{"line":14,"column":51}},"10":{"start":{"line":16,"column":29},"end":{"line":16,"column":59}},"11":{"start":{"line":18,"column":19},"end":{"line":18,"column":57}},"12":{"start":{"line":19,"column":8},"end":{"line":28,"column":9}},"13":{"start":{"line":20,"column":26},"end":{"line":25,"column":14}},"14":{"start":{"line":26,"column":12},"end":{"line":26,"column":null}},"15":{"start":{"line":27,"column":12},"end":{"line":27,"column":null}},"16":{"start":{"line":29,"column":8},"end":{"line":29,"column":null}},"17":{"start":{"line":31,"column":8},"end":{"line":31,"column":null}},"18":{"start":{"line":32,"column":8},"end":{"line":32,"column":null}},"19":{"start":{"line":36,"column":12},"end":{"line":55,"column":null}},"20":{"start":{"line":36,"column":45},"end":{"line":55,"column":null}},"21":{"start":{"line":37,"column":4},"end":{"line":54,"column":5}},"22":{"start":{"line":38,"column":31},"end":{"line":38,"column":39}},"23":{"start":{"line":40,"column":19},"end":{"line":40,"column":57}},"24":{"start":{"line":41,"column":8},"end":{"line":43,"column":9}},"25":{"start":{"line":42,"column":12},"end":{"line":42,"column":null}},"26":{"start":{"line":44,"column":31},"end":{"line":44,"column":75}},"27":{"start":{"line":45,"column":8},"end":{"line":47,"column":9}},"28":{"start":{"line":46,"column":12},"end":{"line":46,"column":null}},"29":{"start":{"line":48,"column":20},"end":{"line":48,"column":33}},"30":{"start":{"line":49,"column":23},"end":{"line":49,"column":81}},"31":{"start":{"line":50,"column":8},"end":{"line":50,"column":null}},"32":{"start":{"line":52,"column":8},"end":{"line":52,"column":null}},"33":{"start":{"line":53,"column":8},"end":{"line":53,"column":null}},"34":{"start":{"line":57,"column":19},"end":{"line":69,"column":null}},"35":{"start":{"line":57,"column":60},"end":{"line":69,"column":null}},"36":{"start":{"line":58,"column":4},"end":{"line":68,"column":5}},"37":{"start":{"line":59,"column":20},"end":{"line":59,"column":29}},"38":{"start":{"line":60,"column":19},"end":{"line":60,"column":51}},"39":{"start":{"line":61,"column":8},"end":{"line":63,"column":9}},"40":{"start":{"line":62,"column":12},"end":{"line":62,"column":null}},"41":{"start":{"line":64,"column":8},"end":{"line":64,"column":null}},"42":{"start":{"line":66,"column":8},"end":{"line":66,"column":null}},"43":{"start":{"line":67,"column":8},"end":{"line":67,"column":null}},"44":{"start":{"line":72,"column":0},"end":{"line":72,"column":null}}},"fnMap":{"0":{"name":"(anonymous_8)","decl":{"start":{"line":12,"column":13},"end":{"line":12,"column":19}},"loc":{"start":{"line":12,"column":46},"end":{"line":34,"column":null}}},"1":{"name":"(anonymous_9)","decl":{"start":{"line":12,"column":46},"end":{"line":12,"column":null}},"loc":{"start":{"line":12,"column":46},"end":{"line":34,"column":1}}},"2":{"name":"(anonymous_10)","decl":{"start":{"line":36,"column":12},"end":{"line":36,"column":18}},"loc":{"start":{"line":36,"column":45},"end":{"line":55,"column":null}}},"3":{"name":"(anonymous_11)","decl":{"start":{"line":36,"column":45},"end":{"line":36,"column":null}},"loc":{"start":{"line":36,"column":45},"end":{"line":55,"column":1}}},"4":{"name":"(anonymous_12)","decl":{"start":{"line":57,"column":19},"end":{"line":57,"column":25}},"loc":{"start":{"line":57,"column":60},"end":{"line":69,"column":null}}},"5":{"name":"(anonymous_13)","decl":{"start":{"line":57,"column":60},"end":{"line":57,"column":null}},"loc":{"start":{"line":57,"column":60},"end":{"line":69,"column":1}}}},"branchMap":{"0":{"loc":{"start":{"line":19,"column":8},"end":{"line":28,"column":9}},"type":"if","locations":[{"start":{"line":19,"column":8},"end":{"line":28,"column":9}}]},"1":{"loc":{"start":{"line":41,"column":8},"end":{"line":43,"column":9}},"type":"if","locations":[{"start":{"line":41,"column":8},"end":{"line":43,"column":9}}]},"2":{"loc":{"start":{"line":45,"column":8},"end":{"line":47,"column":9}},"type":"if","locations":[{"start":{"line":45,"column":8},"end":{"line":47,"column":9}}]},"3":{"loc":{"start":{"line":61,"column":8},"end":{"line":63,"column":9}},"type":"if","locations":[{"start":{"line":61,"column":8},"end":{"line":63,"column":9}}]}},"s":{"0":1,"1":1,"2":1,"3":1,"4":1,"5":1,"6":1,"7":0,"8":0,"9":0,"10":0,"11":0,"12":0,"13":0,"14":0,"15":0,"16":0,"17":0,"18":0,"19":1,"20":0,"21":0,"22":0,"23":0,"24":0,"25":0,"26":0,"27":0,"28":0,"29":0,"30":0,"31":0,"32":0,"33":0,"34":1,"35":0,"36":0,"37":0,"38":0,"39":0,"40":0,"41":0,"42":0,"43":0,"44":1},"f":{"0":0,"1":0,"2":0,"3":0,"4":0,"5":0},"b":{"0":[0],"1":[0],"2":[0],"3":[0]}}
,"/home/ext-hyd-sys-training10/Desktop/mongodb-Node/src/middlewares/userMiddleware.ts": {"path":"/home/ext-hyd-sys-training10/Desktop/mongodb-Node/src/middlewares/userMiddleware.ts","statementMap":{"0":{"start":{"line":2,"column":0},"end":{"line":2,"column":46}},"1":{"start":{"line":4,"column":0},"end":{"line":4,"column":29}},"2":{"start":{"line":5,"column":0},"end":{"line":5,"column":null}},"3":{"start":{"line":6,"column":17},"end":{"line":6,"column":39}},"4":{"start":{"line":8,"column":30},"end":{"line":33,"column":1}},"5":{"start":{"line":10,"column":42},"end":{"line":10,"column":44}},"6":{"start":{"line":12,"column":43},"end":{"line":12,"column":51}},"7":{"start":{"line":13,"column":8},"end":{"line":27,"column":9}},"8":{"start":{"line":14,"column":12},"end":{"line":14,"column":null}},"9":{"start":{"line":16,"column":13},"end":{"line":27,"column":9}},"10":{"start":{"line":17,"column":12},"end":{"line":17,"column":null}},"11":{"start":{"line":19,"column":13},"end":{"line":27,"column":9}},"12":{"start":{"line":20,"column":12},"end":{"line":20,"column":null}},"13":{"start":{"line":22,"column":13},"end":{"line":27,"column":9}},"14":{"start":{"line":23,"column":12},"end":{"line":23,"column":null}},"15":{"start":{"line":25,"column":13},"end":{"line":27,"column":9}},"16":{"start":{"line":26,"column":12},"end":{"line":26,"column":null}},"17":{"start":{"line":28,"column":8},"end":{"line":30,"column":9}},"18":{"start":{"line":29,"column":12},"end":{"line":29,"column":null}},"19":{"start":{"line":31,"column":8},"end":{"line":31,"column":null}},"20":{"start":{"line":8,"column":13},"end":{"line":8,"column":30}},"21":{"start":{"line":35,"column":29},"end":{"line":53,"column":1}},"22":{"start":{"line":37,"column":42},"end":{"line":37,"column":44}},"23":{"start":{"line":39,"column":31},"end":{"line":39,"column":39}},"24":{"start":{"line":41,"column":8},"end":{"line":46,"column":9}},"25":{"start":{"line":42,"column":12},"end":{"line":42,"column":null}},"26":{"start":{"line":44,"column":13},"end":{"line":46,"column":9}},"27":{"start":{"line":45,"column":12},"end":{"line":45,"column":null}},"28":{"start":{"line":48,"column":8},"end":{"line":50,"column":9}},"29":{"start":{"line":49,"column":12},"end":{"line":49,"column":null}},"30":{"start":{"line":51,"column":8},"end":{"line":51,"column":null}},"31":{"start":{"line":35,"column":13},"end":{"line":35,"column":29}},"32":{"start":{"line":55,"column":28},"end":{"line":77,"column":1}},"33":{"start":{"line":56,"column":4},"end":{"line":76,"column":5}},"34":{"start":{"line":57,"column":21},"end":{"line":57,"column":25}},"35":{"start":{"line":58,"column":26},"end":{"line":58,"column":54}},"36":{"start":{"line":59,"column":8},"end":{"line":61,"column":9}},"37":{"start":{"line":60,"column":12},"end":{"line":60,"column":null}},"38":{"start":{"line":62,"column":8},"end":{"line":62,"column":null}},"39":{"start":{"line":63,"column":8},"end":{"line":65,"column":9}},"40":{"start":{"line":64,"column":12},"end":{"line":64,"column":null}},"41":{"start":{"line":66,"column":8},"end":{"line":72,"column":null}},"42":{"start":{"line":67,"column":12},"end":{"line":69,"column":13}},"43":{"start":{"line":68,"column":16},"end":{"line":68,"column":null}},"44":{"start":{"line":70,"column":12},"end":{"line":70,"column":null}},"45":{"start":{"line":71,"column":12},"end":{"line":71,"column":null}},"46":{"start":{"line":74,"column":8},"end":{"line":74,"column":null}},"47":{"start":{"line":75,"column":8},"end":{"line":75,"column":null}},"48":{"start":{"line":55,"column":13},"end":{"line":55,"column":28}},"49":{"start":{"line":80,"column":34},"end":{"line":106,"column":1}},"50":{"start":{"line":82,"column":67},"end":{"line":82,"column":75}},"51":{"start":{"line":83,"column":21},"end":{"line":83,"column":23}},"52":{"start":{"line":84,"column":8},"end":{"line":101,"column":9}},"53":{"start":{"line":85,"column":12},"end":{"line":85,"column":null}},"54":{"start":{"line":87,"column":13},"end":{"line":101,"column":9}},"55":{"start":{"line":88,"column":12},"end":{"line":88,"column":null}},"56":{"start":{"line":90,"column":13},"end":{"line":101,"column":9}},"57":{"start":{"line":91,"column":12},"end":{"line":91,"column":null}},"58":{"start":{"line":93,"column":13},"end":{"line":101,"column":9}},"59":{"start":{"line":94,"column":12},"end":{"line":94,"column":null}},"60":{"start":{"line":96,"column":13},"end":{"line":101,"column":9}},"61":{"start":{"line":97,"column":12},"end":{"line":97,"column":null}},"62":{"start":{"line":99,"column":13},"end":{"line":101,"column":9}},"63":{"start":{"line":100,"column":12},"end":{"line":100,"column":null}},"64":{"start":{"line":102,"column":8},"end":{"line":104,"column":9}},"65":{"start":{"line":103,"column":12},"end":{"line":103,"column":null}},"66":{"start":{"line":105,"column":8},"end":{"line":105,"column":null}},"67":{"start":{"line":80,"column":13},"end":{"line":80,"column":34}}},"fnMap":{"0":{"name":"(anonymous_1)","decl":{"start":{"line":8,"column":30},"end":{"line":8,"column":31}},"loc":{"start":{"line":8,"column":76},"end":{"line":33,"column":1}}},"1":{"name":"(anonymous_2)","decl":{"start":{"line":35,"column":29},"end":{"line":35,"column":30}},"loc":{"start":{"line":35,"column":75},"end":{"line":53,"column":1}}},"2":{"name":"(anonymous_3)","decl":{"start":{"line":55,"column":28},"end":{"line":55,"column":29}},"loc":{"start":{"line":55,"column":82},"end":{"line":77,"column":1}}},"3":{"name":"(anonymous_4)","decl":{"start":{"line":66,"column":51},"end":{"line":66,"column":52}},"loc":{"start":{"line":66,"column":66},"end":{"line":72,"column":9}}},"4":{"name":"(anonymous_5)","decl":{"start":{"line":80,"column":34},"end":{"line":80,"column":35}},"loc":{"start":{"line":80,"column":80},"end":{"line":106,"column":1}}}},"branchMap":{"0":{"loc":{"start":{"line":13,"column":8},"end":{"line":27,"column":9}},"type":"if","locations":[{"start":{"line":13,"column":8},"end":{"line":27,"column":9}},{"start":{"line":16,"column":13},"end":{"line":27,"column":9}}]},"1":{"loc":{"start":{"line":13,"column":11},"end":{"line":13,"column":41}},"type":"binary-expr","locations":[{"start":{"line":13,"column":11},"end":{"line":13,"column":16}},{"start":{"line":13,"column":20},"end":{"line":13,"column":41}}]},"2":{"loc":{"start":{"line":16,"column":13},"end":{"line":27,"column":9}},"type":"if","locations":[{"start":{"line":16,"column":13},"end":{"line":27,"column":9}},{"start":{"line":19,"column":13},"end":{"line":27,"column":9}}]},"3":{"loc":{"start":{"line":19,"column":13},"end":{"line":27,"column":9}},"type":"if","locations":[{"start":{"line":19,"column":13},"end":{"line":27,"column":9}},{"start":{"line":22,"column":13},"end":{"line":27,"column":9}}]},"4":{"loc":{"start":{"line":19,"column":16},"end":{"line":19,"column":46}},"type":"binary-expr","locations":[{"start":{"line":19,"column":16},"end":{"line":19,"column":22}},{"start":{"line":19,"column":24},"end":{"line":19,"column":46}}]},"5":{"loc":{"start":{"line":22,"column":13},"end":{"line":27,"column":9}},"type":"if","locations":[{"start":{"line":22,"column":13},"end":{"line":27,"column":9}},{"start":{"line":25,"column":13},"end":{"line":27,"column":9}}]},"6":{"loc":{"start":{"line":25,"column":13},"end":{"line":27,"column":9}},"type":"if","locations":[{"start":{"line":25,"column":13},"end":{"line":27,"column":9}}]},"7":{"loc":{"start":{"line":28,"column":8},"end":{"line":30,"column":9}},"type":"if","locations":[{"start":{"line":28,"column":8},"end":{"line":30,"column":9}}]},"8":{"loc":{"start":{"line":41,"column":8},"end":{"line":46,"column":9}},"type":"if","locations":[{"start":{"line":41,"column":8},"end":{"line":46,"column":9}},{"start":{"line":44,"column":13},"end":{"line":46,"column":9}}]},"9":{"loc":{"start":{"line":41,"column":11},"end":{"line":41,"column":41}},"type":"binary-expr","locations":[{"start":{"line":41,"column":11},"end":{"line":41,"column":17}},{"start":{"line":41,"column":19},"end":{"line":41,"column":41}}]},"10":{"loc":{"start":{"line":44,"column":13},"end":{"line":46,"column":9}},"type":"if","locations":[{"start":{"line":44,"column":13},"end":{"line":46,"column":9}}]},"11":{"loc":{"start":{"line":48,"column":8},"end":{"line":50,"column":9}},"type":"if","locations":[{"start":{"line":48,"column":8},"end":{"line":50,"column":9}}]},"12":{"loc":{"start":{"line":59,"column":8},"end":{"line":61,"column":9}},"type":"if","locations":[{"start":{"line":59,"column":8},"end":{"line":61,"column":9}}]},"13":{"loc":{"start":{"line":63,"column":8},"end":{"line":65,"column":9}},"type":"if","locations":[{"start":{"line":63,"column":8},"end":{"line":65,"column":9}}]},"14":{"loc":{"start":{"line":67,"column":12},"end":{"line":69,"column":13}},"type":"if","locations":[{"start":{"line":67,"column":12},"end":{"line":69,"column":13}}]},"15":{"loc":{"start":{"line":84,"column":8},"end":{"line":101,"column":9}},"type":"if","locations":[{"start":{"line":84,"column":8},"end":{"line":101,"column":9}},{"start":{"line":87,"column":13},"end":{"line":101,"column":9}}]},"16":{"loc":{"start":{"line":84,"column":11},"end":{"line":84,"column":41}},"type":"binary-expr","locations":[{"start":{"line":84,"column":11},"end":{"line":84,"column":16}},{"start":{"line":84,"column":20},"end":{"line":84,"column":41}}]},"17":{"loc":{"start":{"line":87,"column":13},"end":{"line":101,"column":9}},"type":"if","locations":[{"start":{"line":87,"column":13},"end":{"line":101,"column":9}},{"start":{"line":90,"column":13},"end":{"line":101,"column":9}}]},"18":{"loc":{"start":{"line":87,"column":16},"end":{"line":87,"column":57}},"type":"binary-expr","locations":[{"start":{"line":87,"column":16},"end":{"line":87,"column":26}},{"start":{"line":87,"column":31},"end":{"line":87,"column":57}}]},"19":{"loc":{"start":{"line":90,"column":13},"end":{"line":101,"column":9}},"type":"if","locations":[{"start":{"line":90,"column":13},"end":{"line":101,"column":9}},{"start":{"line":93,"column":13},"end":{"line":101,"column":9}}]},"20":{"loc":{"start":{"line":93,"column":13},"end":{"line":101,"column":9}},"type":"if","locations":[{"start":{"line":93,"column":13},"end":{"line":101,"column":9}},{"start":{"line":96,"column":13},"end":{"line":101,"column":9}}]},"21":{"loc":{"start":{"line":93,"column":16},"end":{"line":93,"column":49}},"type":"binary-expr","locations":[{"start":{"line":93,"column":16},"end":{"line":93,"column":23}},{"start":{"line":93,"column":26},"end":{"line":93,"column":49}}]},"22":{"loc":{"start":{"line":96,"column":13},"end":{"line":101,"column":9}},"type":"if","locations":[{"start":{"line":96,"column":13},"end":{"line":101,"column":9}},{"start":{"line":99,"column":13},"end":{"line":101,"column":9}}]},"23":{"loc":{"start":{"line":99,"column":13},"end":{"line":101,"column":9}},"type":"if","locations":[{"start":{"line":99,"column":13},"end":{"line":101,"column":9}}]},"24":{"loc":{"start":{"line":102,"column":8},"end":{"line":104,"column":9}},"type":"if","locations":[{"start":{"line":102,"column":8},"end":{"line":104,"column":9}}]},"25":{"loc":{"start":{"line":102,"column":11},"end":{"line":102,"column":34}},"type":"binary-expr","locations":[{"start":{"line":102,"column":11},"end":{"line":102,"column":17}},{"start":{"line":102,"column":19},"end":{"line":102,"column":34}}]}},"s":{"0":1,"1":1,"2":1,"3":1,"4":1,"5":0,"6":0,"7":0,"8":0,"9":0,"10":0,"11":0,"12":0,"13":0,"14":0,"15":0,"16":0,"17":0,"18":0,"19":0,"20":1,"21":1,"22":0,"23":0,"24":0,"25":0,"26":0,"27":0,"28":0,"29":0,"30":0,"31":1,"32":1,"33":0,"34":0,"35":0,"36":0,"37":0,"38":0,"39":0,"40":0,"41":0,"42":0,"43":0,"44":0,"45":0,"46":0,"47":0,"48":1,"49":1,"50":0,"51":0,"52":0,"53":0,"54":0,"55":0,"56":0,"57":0,"58":0,"59":0,"60":0,"61":0,"62":0,"63":0,"64":0,"65":0,"66":0,"67":1},"f":{"0":0,"1":0,"2":0,"3":0,"4":0},"b":{"0":[0,0],"1":[0,0],"2":[0,0],"3":[0,0],"4":[0,0],"5":[0,0],"6":[0],"7":[0],"8":[0,0],"9":[0,0],"10":[0],"11":[0],"12":[0],"13":[0],"14":[0],"15":[0,0],"16":[0,0],"17":[0,0],"18":[0,0],"19":[0,0],"20":[0,0],"21":[0,0],"22":[0,0],"23":[0],"24":[0],"25":[0,0]}}
,"/home/ext-hyd-sys-training10/Desktop/mongodb-Node/src/models/EmailOtp.ts": {"path":"/home/ext-hyd-sys-training10/Desktop/mongodb-Node/src/models/EmailOtp.ts","statementMap":{"0":{"start":{"line":1,"column":0},"end":{"line":1,"column":40}},"1":{"start":{"line":9,"column":18},"end":{"line":22,"column":37}},"2":{"start":{"line":24,"column":17},"end":{"line":24,"column":54}},"3":{"start":{"line":26,"column":0},"end":{"line":26,"column":null}}},"fnMap":{},"branchMap":{},"s":{"0":1,"1":1,"2":1,"3":1},"f":{},"b":{}}
,"/home/ext-hyd-sys-training10/Desktop/mongodb-Node/src/models/ProductList.ts": {"path":"/home/ext-hyd-sys-training10/Desktop/mongodb-Node/src/models/ProductList.ts","statementMap":{"0":{"start":{"line":1,"column":0},"end":{"line":1,"column":46}},"1":{"start":{"line":13,"column":21},"end":{"line":42,"column":37}},"2":{"start":{"line":44,"column":19},"end":{"line":44,"column":54}},"3":{"start":{"line":45,"column":0},"end":{"line":45,"column":null}}},"fnMap":{},"branchMap":{},"s":{"0":1,"1":1,"2":1,"3":1},"f":{},"b":{}}
,"/home/ext-hyd-sys-training10/Desktop/mongodb-Node/src/models/user.ts": {"path":"/home/ext-hyd-sys-training10/Desktop/mongodb-Node/src/models/user.ts","statementMap":{"0":{"start":{"line":1,"column":0},"end":{"line":1,"column":37}},"1":{"start":{"line":10,"column":17},"end":{"line":27,"column":37}},"2":{"start":{"line":29,"column":16},"end":{"line":29,"column":47}},"3":{"start":{"line":30,"column":0},"end":{"line":30,"column":null}}},"fnMap":{},"branchMap":{},"s":{"0":1,"1":1,"2":1,"3":1},"f":{},"b":{}}
,"/home/ext-hyd-sys-training10/Desktop/mongodb-Node/src/routes/otpRoute.ts": {"path":"/home/ext-hyd-sys-training10/Desktop/mongodb-Node/src/routes/otpRoute.ts","statementMap":{"0":{"start":{"line":1,"column":0},"end":{"line":1,"column":67}},"1":{"start":{"line":2,"column":0},"end":{"line":2,"column":33}},"2":{"start":{"line":3,"column":16},"end":{"line":3,"column":24}},"3":{"start":{"line":5,"column":0},"end":{"line":5,"column":null}},"4":{"start":{"line":6,"column":0},"end":{"line":6,"column":null}},"5":{"start":{"line":7,"column":0},"end":{"line":7,"column":null}},"6":{"start":{"line":9,"column":0},"end":{"line":9,"column":null}}},"fnMap":{},"branchMap":{},"s":{"0":1,"1":1,"2":1,"3":1,"4":1,"5":1,"6":1},"f":{},"b":{}}
,"/home/ext-hyd-sys-training10/Desktop/mongodb-Node/src/routes/productRoute.ts": {"path":"/home/ext-hyd-sys-training10/Desktop/mongodb-Node/src/routes/productRoute.ts","statementMap":{"0":{"start":{"line":1,"column":0},"end":{"line":1,"column":33}},"1":{"start":{"line":2,"column":0},"end":{"line":2,"column":65}},"2":{"start":{"line":3,"column":20},"end":{"line":3,"column":28}},"3":{"start":{"line":4,"column":0},"end":{"line":4,"column":28}},"4":{"start":{"line":5,"column":0},"end":{"line":5,"column":81}},"5":{"start":{"line":6,"column":13},"end":{"line":6,"column":21}},"6":{"start":{"line":10,"column":0},"end":{"line":13,"column":2}},"7":{"start":{"line":14,"column":0},"end":{"line":14,"column":null}},"8":{"start":{"line":15,"column":0},"end":{"line":15,"column":null}},"9":{"start":{"line":17,"column":0},"end":{"line":17,"column":null}}},"fnMap":{},"branchMap":{},"s":{"0":1,"1":1,"2":1,"3":1,"4":1,"5":1,"6":1,"7":1,"8":1,"9":1},"f":{},"b":{}}
,"/home/ext-hyd-sys-training10/Desktop/mongodb-Node/src/routes/userRoute.ts": {"path":"/home/ext-hyd-sys-training10/Desktop/mongodb-Node/src/routes/userRoute.ts","statementMap":{"0":{"start":{"line":1,"column":0},"end":{"line":1,"column":59}},"1":{"start":{"line":2,"column":0},"end":{"line":2,"column":33}},"2":{"start":{"line":3,"column":0},"end":{"line":3,"column":93}},"3":{"start":{"line":4,"column":16},"end":{"line":4,"column":24}},"4":{"start":{"line":6,"column":0},"end":{"line":6,"column":null}},"5":{"start":{"line":7,"column":0},"end":{"line":7,"column":null}},"6":{"start":{"line":8,"column":0},"end":{"line":8,"column":null}},"7":{"start":{"line":10,"column":0},"end":{"line":10,"column":null}}},"fnMap":{},"branchMap":{},"s":{"0":1,"1":1,"2":1,"3":1,"4":1,"5":1,"6":1,"7":1},"f":{},"b":{}}
,"/home/ext-hyd-sys-training10/Desktop/mongodb-Node/src/utils/cloudinary.ts": {"path":"/home/ext-hyd-sys-training10/Desktop/mongodb-Node/src/utils/cloudinary.ts","statementMap":{"0":{"start":{"line":1,"column":0},"end":{"line":1,"column":46}},"1":{"start":{"line":2,"column":0},"end":{"line":2,"column":32}},"2":{"start":{"line":4,"column":0},"end":{"line":4,"column":9}},"3":{"start":{"line":7,"column":0},"end":{"line":11,"column":3}},"4":{"start":{"line":13,"column":0},"end":{"line":13,"column":26}}},"fnMap":{},"branchMap":{},"s":{"0":2,"1":2,"2":2,"3":2,"4":2},"f":{},"b":{}}
,"/home/ext-hyd-sys-training10/Desktop/mongodb-Node/src/utils/emailTransport.ts": {"path":"/home/ext-hyd-sys-training10/Desktop/mongodb-Node/src/utils/emailTransport.ts","statementMap":{"0":{"start":{"line":1,"column":0},"end":{"line":1,"column":35}},"1":{"start":{"line":2,"column":0},"end":{"line":2,"column":32}},"2":{"start":{"line":3,"column":0},"end":{"line":3,"column":null}},"3":{"start":{"line":5,"column":16},"end":{"line":11,"column":2}},"4":{"start":{"line":13,"column":0},"end":{"line":13,"column":null}}},"fnMap":{},"branchMap":{},"s":{"0":1,"1":1,"2":1,"3":1,"4":1},"f":{},"b":{}}
}
