TN:
SF:src/app.ts
FN:19,(anonymous_1)
FN:20,(anonymous_2)
FN:24,(anonymous_3)
FNF:3
FNH:2
FNDA:1,(anonymous_1)
FNDA:1,(anonymous_2)
FNDA:0,(anonymous_3)
DA:1,1
DA:2,1
DA:3,1
DA:4,1
DA:5,1
DA:7,1
DA:8,1
DA:10,1
DA:11,1
DA:13,1
DA:14,1
DA:15,1
DA:18,1
DA:20,1
DA:21,1
DA:25,0
DA:28,1
LF:17
LH:16
BRDA:8,0,0,1
BRDA:8,0,1,1
BRF:2
BRH:2
end_of_record
TN:
SF:src/db.ts
FN:7,(anonymous_7)
FN:7,(anonymous_8)
FNF:2
FNH:2
FNDA:1,(anonymous_7)
FNDA:1,(anonymous_8)
DA:1,1
DA:2,1
DA:3,1
DA:5,1
DA:7,1
DA:8,1
DA:9,1
DA:10,1
DA:11,1
DA:13,0
DA:14,0
DA:18,1
LF:12
LH:10
BRF:0
BRH:0
end_of_record
TN:
SF:src/controllers/emailOtpController.ts
FN:17,(anonymous_8)
FN:17,(anonymous_9)
FN:52,(anonymous_10)
FN:52,(anonymous_11)
FN:62,(anonymous_12)
FN:62,(anonymous_13)
FNF:6
FNH:0
FNDA:0,(anonymous_8)
FNDA:0,(anonymous_9)
FNDA:0,(anonymous_10)
FNDA:0,(anonymous_11)
FNDA:0,(anonymous_12)
FNDA:0,(anonymous_13)
DA:1,1
DA:2,1
DA:4,1
DA:5,1
DA:6,1
DA:8,1
DA:17,1
DA:18,0
DA:19,0
DA:20,0
DA:21,0
DA:22,0
DA:23,0
DA:24,0
DA:26,0
DA:27,0
DA:28,0
DA:34,0
DA:35,0
DA:36,0
DA:38,0
DA:44,0
DA:45,0
DA:47,0
DA:48,0
DA:52,1
DA:53,0
DA:54,0
DA:55,0
DA:57,0
DA:58,0
DA:62,1
DA:63,0
DA:64,0
DA:65,0
DA:66,0
DA:67,0
DA:69,0
DA:70,0
DA:71,0
DA:72,0
DA:73,0
DA:74,0
DA:75,0
DA:76,0
DA:78,0
DA:80,0
DA:82,0
DA:83,0
DA:87,1
LF:50
LH:10
BRDA:23,0,0,0
BRDA:27,1,0,0
BRDA:27,1,1,0
BRDA:66,2,0,0
BRDA:73,3,0,0
BRDA:75,4,0,0
BRF:6
BRH:0
end_of_record
TN:
SF:src/controllers/fileController.ts
FN:5,(anonymous_8)
FN:7,(anonymous_9)
FN:9,(anonymous_10)
FN:10,(anonymous_11)
FN:13,(anonymous_12)
FNF:5
FNH:0
FNDA:0,(anonymous_8)
FNDA:0,(anonymous_9)
FNDA:0,(anonymous_10)
FNDA:0,(anonymous_11)
FNDA:0,(anonymous_12)
DA:1,1
DA:2,1
DA:5,1
DA:7,0
DA:8,0
DA:10,0
DA:11,0
DA:14,0
DA:15,0
DA:17,0
DA:18,0
DA:20,0
DA:25,0
DA:31,1
LF:14
LH:4
BRDA:14,0,0,0
BRDA:14,0,1,0
BRDA:17,1,0,0
BRDA:17,1,1,0
BRF:4
BRH:0
end_of_record
TN:
SF:src/controllers/productController.ts
FN:8,(anonymous_8)
FN:8,(anonymous_9)
FN:43,(anonymous_10)
FN:43,(anonymous_11)
FN:74,(anonymous_12)
FN:74,(anonymous_13)
FN:105,(anonymous_14)
FN:105,(anonymous_15)
FNF:8
FNH:0
FNDA:0,(anonymous_8)
FNDA:0,(anonymous_9)
FNDA:0,(anonymous_10)
FNDA:0,(anonymous_11)
FNDA:0,(anonymous_12)
FNDA:0,(anonymous_13)
FNDA:0,(anonymous_14)
FNDA:0,(anonymous_15)
DA:1,1
DA:3,1
DA:4,1
DA:6,1
DA:8,1
DA:9,0
DA:10,0
DA:11,0
DA:12,0
DA:13,0
DA:14,0
DA:15,0
DA:16,0
DA:17,0
DA:18,0
DA:19,0
DA:20,0
DA:23,0
DA:24,0
DA:26,0
DA:36,0
DA:38,0
DA:39,0
DA:43,1
DA:44,0
DA:45,0
DA:47,0
DA:49,0
DA:50,0
DA:52,0
DA:53,0
DA:54,0
DA:55,0
DA:56,0
DA:58,0
DA:67,0
DA:69,0
DA:70,0
DA:74,1
DA:75,0
DA:76,0
DA:77,0
DA:78,0
DA:79,0
DA:80,0
DA:81,0
DA:83,0
DA:84,0
DA:86,0
DA:92,0
DA:93,0
DA:96,0
DA:97,0
DA:99,0
DA:100,0
DA:105,1
DA:106,0
DA:107,0
DA:109,0
DA:115,0
DA:116,0
DA:119,0
DA:120,0
DA:122,0
DA:123,0
DA:127,1
LF:66
LH:9
BRDA:18,0,0,0
BRDA:18,0,1,0
BRDA:49,1,0,0
BRDA:49,2,0,0
BRDA:49,2,1,0
BRDA:55,3,0,0
BRDA:80,4,0,0
BRDA:80,5,0,0
BRDA:80,5,1,0
BRDA:92,6,0,0
BRDA:115,7,0,0
BRF:11
BRH:0
end_of_record
TN:
SF:src/controllers/userController.ts
FN:12,(anonymous_8)
FN:12,(anonymous_9)
FN:36,(anonymous_10)
FN:36,(anonymous_11)
FN:57,(anonymous_12)
FN:57,(anonymous_13)
FNF:6
FNH:4
FNDA:3,(anonymous_8)
FNDA:3,(anonymous_9)
FNDA:4,(anonymous_10)
FNDA:4,(anonymous_11)
FNDA:0,(anonymous_12)
FNDA:0,(anonymous_13)
DA:1,1
DA:3,1
DA:4,1
DA:5,1
DA:7,1
DA:9,1
DA:12,3
DA:13,3
DA:14,3
DA:16,3
DA:18,3
DA:19,2
DA:20,1
DA:26,1
DA:27,1
DA:29,1
DA:31,1
DA:32,1
DA:36,4
DA:37,4
DA:38,4
DA:40,4
DA:41,3
DA:42,1
DA:44,2
DA:45,2
DA:46,1
DA:48,1
DA:49,1
DA:50,1
DA:52,1
DA:53,1
DA:57,1
DA:58,0
DA:59,0
DA:60,0
DA:61,0
DA:62,0
DA:64,0
DA:66,0
DA:67,0
DA:72,1
LF:42
LH:34
BRDA:19,0,0,1
BRDA:41,1,0,1
BRDA:45,2,0,1
BRDA:61,3,0,0
BRF:4
BRH:3
end_of_record
TN:
SF:src/middlewares/userMiddleware.ts
FN:8,(anonymous_1)
FN:38,(anonymous_2)
FN:61,(anonymous_3)
FN:72,(anonymous_4)
FN:86,(anonymous_5)
FNF:5
FNH:4
FNDA:7,(anonymous_1)
FNDA:6,(anonymous_2)
FNDA:4,(anonymous_3)
FNDA:1,(anonymous_4)
FNDA:0,(anonymous_5)
DA:2,1
DA:4,1
DA:5,1
DA:6,1
DA:8,1
DA:9,7
DA:10,7
DA:12,7
DA:13,7
DA:14,1
DA:16,6
DA:17,0
DA:19,6
DA:20,1
DA:22,5
DA:23,1
DA:25,4
DA:26,1
DA:28,7
DA:29,4
DA:31,3
DA:33,0
DA:34,0
DA:38,1
DA:39,6
DA:40,6
DA:42,6
DA:44,6
DA:45,1
DA:47,5
DA:48,1
DA:51,6
DA:52,2
DA:54,4
DA:56,0
DA:57,0
DA:61,1
DA:62,4
DA:63,4
DA:64,4
DA:65,4
DA:66,1
DA:68,3
DA:69,3
DA:70,1
DA:72,2
DA:73,1
DA:74,1
DA:76,0
DA:77,0
DA:80,0
DA:81,0
DA:86,1
DA:87,0
DA:88,0
DA:89,0
DA:90,0
DA:91,0
DA:93,0
DA:94,0
DA:96,0
DA:97,0
DA:99,0
DA:100,0
DA:102,0
DA:103,0
DA:105,0
DA:106,0
DA:108,0
DA:109,0
DA:111,0
DA:113,0
DA:114,0
LF:73
LH:44
BRDA:13,0,0,1
BRDA:13,0,1,6
BRDA:13,1,0,7
BRDA:13,1,1,7
BRDA:16,2,0,0
BRDA:16,2,1,6
BRDA:19,3,0,1
BRDA:19,3,1,5
BRDA:19,4,0,6
BRDA:19,4,1,5
BRDA:22,5,0,1
BRDA:22,5,1,4
BRDA:25,6,0,1
BRDA:28,7,0,4
BRDA:44,8,0,1
BRDA:44,8,1,5
BRDA:44,9,0,6
BRDA:44,9,1,5
BRDA:47,10,0,1
BRDA:51,11,0,2
BRDA:65,12,0,1
BRDA:69,13,0,1
BRDA:73,14,0,1
BRDA:90,15,0,0
BRDA:90,15,1,0
BRDA:90,16,0,0
BRDA:90,16,1,0
BRDA:93,17,0,0
BRDA:93,17,1,0
BRDA:93,18,0,0
BRDA:93,18,1,0
BRDA:96,19,0,0
BRDA:96,19,1,0
BRDA:96,20,0,0
BRDA:96,20,1,0
BRDA:99,21,0,0
BRDA:99,21,1,0
BRDA:99,22,0,0
BRDA:99,22,1,0
BRDA:102,23,0,0
BRDA:102,23,1,0
BRDA:102,24,0,0
BRDA:102,24,1,0
BRDA:105,25,0,0
BRDA:105,26,0,0
BRDA:105,26,1,0
BRDA:108,27,0,0
BRDA:108,28,0,0
BRDA:108,28,1,0
BRF:49
BRH:22
end_of_record
TN:
SF:src/models/EmailOtp.ts
FNF:0
FNH:0
DA:1,1
DA:9,1
DA:24,1
DA:26,1
LF:4
LH:4
BRF:0
BRH:0
end_of_record
TN:
SF:src/models/ProductList.ts
FNF:0
FNH:0
DA:1,1
DA:13,1
DA:44,1
DA:45,1
LF:4
LH:4
BRF:0
BRH:0
end_of_record
TN:
SF:src/models/user.ts
FNF:0
FNH:0
DA:1,1
DA:10,1
DA:29,1
DA:30,1
LF:4
LH:4
BRF:0
BRH:0
end_of_record
TN:
SF:src/routes/otpRoute.ts
FNF:0
FNH:0
DA:1,1
DA:2,1
DA:3,1
DA:5,1
DA:6,1
DA:7,1
DA:9,1
LF:7
LH:7
BRF:0
BRH:0
end_of_record
TN:
SF:src/routes/productRoute.ts
FNF:0
FNH:0
DA:1,1
DA:2,1
DA:3,1
DA:4,1
DA:5,1
DA:6,1
DA:10,1
DA:14,1
DA:15,1
DA:16,1
DA:18,1
LF:11
LH:11
BRF:0
BRH:0
end_of_record
TN:
SF:src/routes/userRoute.ts
FNF:0
FNH:0
DA:1,1
DA:2,1
DA:3,1
DA:4,1
DA:6,1
DA:7,1
DA:8,1
DA:10,1
LF:8
LH:8
BRF:0
BRH:0
end_of_record
TN:
SF:src/utils/cloudinary.ts
FNF:0
FNH:0
DA:1,1
DA:2,1
DA:4,1
DA:7,1
DA:13,1
LF:5
LH:5
BRF:0
BRH:0
end_of_record
